{
  "RSpec": {
    "coverage": {
      "/Users/alirezaandersen/turing/module3/week5/adventure_time/app/helpers/application_helper.rb": [
        1,
        null,
        null,
        null
      ],
      "/Users/alirezaandersen/turing/module3/week5/adventure_time/app/helpers/sessions_helper.rb": [
        1,
        null
      ],
      "/Users/alirezaandersen/turing/module3/week5/adventure_time/app/helpers/weathers_helper.rb": [
        1,
        null
      ],
      "/Users/alirezaandersen/turing/module3/week5/adventure_time/app/helpers/welcome_helper.rb": [
        1,
        null
      ],
      "/Users/alirezaandersen/turing/module3/week5/adventure_time/app/controllers/users_controller.rb": [
        1,
        null,
        1,
        null,
        null,
        null
      ],
      "/Users/alirezaandersen/turing/module3/week5/adventure_time/app/controllers/application_controller.rb": [
        1,
        null,
        null,
        1,
        null,
        1,
        1,
        null,
        1,
        15,
        null,
        null,
        1,
        15,
        1,
        null,
        null,
        null,
        null
      ],
      "/Users/alirezaandersen/turing/module3/week5/adventure_time/app/controllers/parks_controller.rb": [
        1,
        1,
        1,
        null,
        null,
        1,
        4,
        0,
        0,
        null,
        4,
        null,
        4,
        null,
        null,
        1,
        null,
        null,
        1,
        1,
        null,
        null,
        1,
        null,
        null,
        1,
        1,
        null,
        null,
        1,
        2,
        2,
        2,
        null,
        null,
        1,
        6,
        4,
        2,
        1,
        1,
        1,
        null,
        null,
        null
      ],
      "/Users/alirezaandersen/turing/module3/week5/adventure_time/app/models/google_geocode.rb": [
        1,
        null,
        1,
        13,
        null,
        null,
        1,
        1,
        0,
        null,
        null,
        1,
        12,
        11,
        null,
        null,
        1,
        67,
        null,
        null,
        1,
        0,
        0,
        0,
        null,
        null,
        null
      ],
      "/Users/alirezaandersen/turing/module3/week5/adventure_time/app/models/google_place.rb": [
        1,
        null,
        1,
        5,
        null,
        null,
        1,
        5,
        5,
        4,
        1,
        null,
        null,
        null,
        1,
        1,
        20,
        11,
        null,
        null,
        null,
        null,
        null,
        null,
        null,
        null,
        null
      ],
      "/Users/alirezaandersen/turing/module3/week5/adventure_time/app/models/park_selector.rb": [
        1,
        null,
        1,
        6,
        4,
        2,
        1,
        1,
        1,
        null,
        null,
        null,
        null
      ],
      "/Users/alirezaandersen/turing/module3/week5/adventure_time/app/models/underground_weather.rb": [
        1,
        null,
        1,
        4,
        null,
        null,
        1,
        2,
        2,
        null,
        null,
        1,
        3,
        2,
        null,
        null,
        1,
        1,
        null,
        null,
        1,
        null,
        2,
        null,
        null
      ],
      "/Users/alirezaandersen/turing/module3/week5/adventure_time/app/services/underground_weather_service.rb": [
        1,
        null,
        1,
        4,
        4,
        null,
        null,
        1,
        4,
        3,
        null,
        null
      ],
      "/Users/alirezaandersen/turing/module3/week5/adventure_time/app/models/location.rb": [
        1,
        null,
        1,
        5,
        5,
        null,
        null,
        null
      ],
      "/Users/alirezaandersen/turing/module3/week5/adventure_time/app/services/google_places_service.rb": [
        1,
        null,
        1,
        6,
        6,
        null,
        null,
        1,
        6,
        null,
        null,
        1,
        6,
        4,
        null,
        null,
        null
      ],
      "/Users/alirezaandersen/turing/module3/week5/adventure_time/app/services/google_geocode_service.rb": [
        1,
        null,
        1,
        13,
        13,
        null,
        null,
        1,
        13,
        11,
        null,
        null,
        null
      ],
      "/Users/alirezaandersen/turing/module3/week5/adventure_time/app/controllers/welcome_controller.rb": [
        1,
        null,
        1,
        null,
        null,
        null
      ],
      "/Users/alirezaandersen/turing/module3/week5/adventure_time/app/controllers/weathers_controller.rb": [
        1,
        1,
        null,
        1,
        1,
        1,
        null,
        null,
        1,
        1,
        1,
        1,
        null,
        null,
        1,
        2,
        2,
        2,
        null,
        null,
        null
      ],
      "/Users/alirezaandersen/turing/module3/week5/adventure_time/app/models/accu_weather.rb": [
        1,
        null,
        1,
        2,
        null,
        null,
        1,
        1,
        1,
        1,
        null,
        null,
        1,
        6,
        null,
        null,
        1,
        1,
        1,
        null,
        null,
        1,
        6,
        1,
        null,
        null
      ],
      "/Users/alirezaandersen/turing/module3/week5/adventure_time/app/services/accu_weather_service.rb": [
        1,
        null,
        1,
        2,
        2,
        null,
        null,
        1,
        2,
        2,
        null,
        null
      ],
      "/Users/alirezaandersen/turing/module3/week5/adventure_time/app/models/national_park.rb": [
        1,
        null,
        null
      ],
      "/Users/alirezaandersen/turing/module3/week5/adventure_time/app/controllers/sessions_controller.rb": [
        1,
        null,
        1,
        1,
        1,
        null,
        1,
        null,
        null,
        1,
        1,
        1,
        null,
        null,
        null
      ],
      "/Users/alirezaandersen/turing/module3/week5/adventure_time/app/models/user.rb": [
        1,
        null,
        1,
        1,
        null,
        1,
        1,
        1,
        1,
        1,
        null,
        null,
        null
      ],
      "/Users/alirezaandersen/turing/module3/week5/adventure_time/app/models/welcome.rb": [

      ]
    },
    "timestamp": 1466046533
  }
}
